22:28:25.246 [main] INFO  c.m.a.mapper.UserLoginMapperTest:655- The following profiles are active: dev
22:28:31.290 [main] WARN  c.n.c.sources.URLConfigurationSource:121- No URLs will be polled as dynamic configuration sources.
22:28:31.291 [main] INFO  c.n.c.sources.URLConfigurationSource:122- To enable URLs as dynamic configuration sources, define System property archaius.configurationSource.additionalUrls or make config.properties available on classpath.
22:28:31.317 [main] WARN  c.n.c.sources.URLConfigurationSource:121- No URLs will be polled as dynamic configuration sources.
22:28:31.317 [main] INFO  c.n.c.sources.URLConfigurationSource:122- To enable URLs as dynamic configuration sources, define System property archaius.configurationSource.additionalUrls or make config.properties available on classpath.
22:28:38.725 [main] DEBUG com.zaxxer.hikari.HikariConfig:900- Driver class com.mysql.cj.jdbc.Driver found in Thread context class loader sun.misc.Launcher$AppClassLoader@18b4aac2
22:28:38.795 [main] INFO  c.m.a.mapper.UserLoginMapperTest:61- Started UserLoginMapperTest in 20.249 seconds (JVM running for 21.681)
22:38:06.125 [main] INFO  c.m.a.mapper.UserLoginMapperTest:655- The following profiles are active: dev
22:38:10.581 [main] WARN  c.n.c.sources.URLConfigurationSource:121- No URLs will be polled as dynamic configuration sources.
22:38:10.581 [main] INFO  c.n.c.sources.URLConfigurationSource:122- To enable URLs as dynamic configuration sources, define System property archaius.configurationSource.additionalUrls or make config.properties available on classpath.
22:38:10.589 [main] WARN  c.n.c.sources.URLConfigurationSource:121- No URLs will be polled as dynamic configuration sources.
22:38:10.590 [main] INFO  c.n.c.sources.URLConfigurationSource:122- To enable URLs as dynamic configuration sources, define System property archaius.configurationSource.additionalUrls or make config.properties available on classpath.
22:38:17.982 [main] DEBUG com.zaxxer.hikari.HikariConfig:900- Driver class com.mysql.cj.jdbc.Driver found in Thread context class loader sun.misc.Launcher$AppClassLoader@18b4aac2
22:38:18.048 [main] INFO  c.m.a.mapper.UserLoginMapperTest:61- Started UserLoginMapperTest in 20.054 seconds (JVM running for 21.352)
22:40:52.692 [main] INFO  c.m.a.mapper.UserLoginMapperTest:655- The following profiles are active: dev
22:40:59.460 [main] WARN  c.n.c.sources.URLConfigurationSource:121- No URLs will be polled as dynamic configuration sources.
22:40:59.460 [main] INFO  c.n.c.sources.URLConfigurationSource:122- To enable URLs as dynamic configuration sources, define System property archaius.configurationSource.additionalUrls or make config.properties available on classpath.
22:40:59.475 [main] WARN  c.n.c.sources.URLConfigurationSource:121- No URLs will be polled as dynamic configuration sources.
22:40:59.475 [main] INFO  c.n.c.sources.URLConfigurationSource:122- To enable URLs as dynamic configuration sources, define System property archaius.configurationSource.additionalUrls or make config.properties available on classpath.
22:41:10.631 [main] DEBUG com.zaxxer.hikari.HikariConfig:900- Driver class com.mysql.cj.jdbc.Driver found in Thread context class loader sun.misc.Launcher$AppClassLoader@18b4aac2
22:41:10.758 [main] INFO  c.m.a.mapper.UserLoginMapperTest:61- Started UserLoginMapperTest in 30.715 seconds (JVM running for 32.625)
22:42:15.306 [main] INFO  c.m.a.mapper.UserLoginMapperTest:655- The following profiles are active: dev
22:42:21.279 [main] WARN  c.n.c.sources.URLConfigurationSource:121- No URLs will be polled as dynamic configuration sources.
22:42:21.279 [main] INFO  c.n.c.sources.URLConfigurationSource:122- To enable URLs as dynamic configuration sources, define System property archaius.configurationSource.additionalUrls or make config.properties available on classpath.
22:42:21.286 [main] WARN  c.n.c.sources.URLConfigurationSource:121- No URLs will be polled as dynamic configuration sources.
22:42:21.286 [main] INFO  c.n.c.sources.URLConfigurationSource:122- To enable URLs as dynamic configuration sources, define System property archaius.configurationSource.additionalUrls or make config.properties available on classpath.
22:43:40.494 [main] INFO  c.m.a.mapper.UserLoginMapperTest:655- The following profiles are active: dev
22:43:45.389 [main] WARN  c.n.c.sources.URLConfigurationSource:121- No URLs will be polled as dynamic configuration sources.
22:43:45.390 [main] INFO  c.n.c.sources.URLConfigurationSource:122- To enable URLs as dynamic configuration sources, define System property archaius.configurationSource.additionalUrls or make config.properties available on classpath.
22:43:45.396 [main] WARN  c.n.c.sources.URLConfigurationSource:121- No URLs will be polled as dynamic configuration sources.
22:43:45.397 [main] INFO  c.n.c.sources.URLConfigurationSource:122- To enable URLs as dynamic configuration sources, define System property archaius.configurationSource.additionalUrls or make config.properties available on classpath.
22:44:40.299 [main] INFO  c.m.a.mapper.UserLoginMapperTest:655- The following profiles are active: dev
22:44:45.173 [main] WARN  c.n.c.sources.URLConfigurationSource:121- No URLs will be polled as dynamic configuration sources.
22:44:45.174 [main] INFO  c.n.c.sources.URLConfigurationSource:122- To enable URLs as dynamic configuration sources, define System property archaius.configurationSource.additionalUrls or make config.properties available on classpath.
22:44:45.183 [main] WARN  c.n.c.sources.URLConfigurationSource:121- No URLs will be polled as dynamic configuration sources.
22:44:45.184 [main] INFO  c.n.c.sources.URLConfigurationSource:122- To enable URLs as dynamic configuration sources, define System property archaius.configurationSource.additionalUrls or make config.properties available on classpath.
22:44:52.773 [main] DEBUG com.zaxxer.hikari.HikariConfig:900- Driver class com.mysql.cj.jdbc.Driver found in Thread context class loader sun.misc.Launcher$AppClassLoader@18b4aac2
22:44:52.838 [main] INFO  c.m.a.mapper.UserLoginMapperTest:61- Started UserLoginMapperTest in 21.532 seconds (JVM running for 22.979)
22:46:04.858 [main] INFO  c.m.a.mapper.UserLoginMapperTest:655- The following profiles are active: dev
22:46:09.524 [main] WARN  c.n.c.sources.URLConfigurationSource:121- No URLs will be polled as dynamic configuration sources.
22:46:09.524 [main] INFO  c.n.c.sources.URLConfigurationSource:122- To enable URLs as dynamic configuration sources, define System property archaius.configurationSource.additionalUrls or make config.properties available on classpath.
22:46:09.534 [main] WARN  c.n.c.sources.URLConfigurationSource:121- No URLs will be polled as dynamic configuration sources.
22:46:09.534 [main] INFO  c.n.c.sources.URLConfigurationSource:122- To enable URLs as dynamic configuration sources, define System property archaius.configurationSource.additionalUrls or make config.properties available on classpath.
22:46:16.841 [main] DEBUG com.zaxxer.hikari.HikariConfig:900- Driver class com.mysql.cj.jdbc.Driver found in Thread context class loader sun.misc.Launcher$AppClassLoader@18b4aac2
22:46:16.887 [main] INFO  c.m.a.mapper.UserLoginMapperTest:61- Started UserLoginMapperTest in 20.787 seconds (JVM running for 22.111)
22:46:17.243 [main] DEBUG com.zaxxer.hikari.HikariConfig:1020- HikariPool-1 - configuration:
22:46:17.246 [main] DEBUG com.zaxxer.hikari.HikariConfig:1052- allowPoolSuspension.............false
22:46:17.246 [main] DEBUG com.zaxxer.hikari.HikariConfig:1052- autoCommit......................true
22:46:17.246 [main] DEBUG com.zaxxer.hikari.HikariConfig:1052- catalog.........................none
22:46:17.247 [main] DEBUG com.zaxxer.hikari.HikariConfig:1052- connectionInitSql...............none
22:46:17.247 [main] DEBUG com.zaxxer.hikari.HikariConfig:1052- connectionTestQuery.............none
22:46:17.247 [main] DEBUG com.zaxxer.hikari.HikariConfig:1052- connectionTimeout...............30000
22:46:17.247 [main] DEBUG com.zaxxer.hikari.HikariConfig:1052- dataSource......................none
22:46:17.248 [main] DEBUG com.zaxxer.hikari.HikariConfig:1052- dataSourceClassName.............none
22:46:17.248 [main] DEBUG com.zaxxer.hikari.HikariConfig:1052- dataSourceJNDI..................none
22:46:17.249 [main] DEBUG com.zaxxer.hikari.HikariConfig:1052- dataSourceProperties............{password=<masked>}
22:46:17.249 [main] DEBUG com.zaxxer.hikari.HikariConfig:1052- driverClassName................."com.mysql.cj.jdbc.Driver"
22:46:17.249 [main] DEBUG com.zaxxer.hikari.HikariConfig:1052- healthCheckProperties...........{}
22:46:17.250 [main] DEBUG com.zaxxer.hikari.HikariConfig:1052- healthCheckRegistry.............none
22:46:17.250 [main] DEBUG com.zaxxer.hikari.HikariConfig:1052- idleTimeout.....................600000
22:46:17.250 [main] DEBUG com.zaxxer.hikari.HikariConfig:1052- initializationFailTimeout.......1
22:46:17.250 [main] DEBUG com.zaxxer.hikari.HikariConfig:1052- isolateInternalQueries..........false
22:46:17.251 [main] DEBUG com.zaxxer.hikari.HikariConfig:1052- jdbcUrl.........................jdbc:mysql://localhost:3306/analysisauth?serverTimezone=UTC&useUnicode=true&characterEncoding=utf-8&useSSL=true
22:46:17.251 [main] DEBUG com.zaxxer.hikari.HikariConfig:1052- leakDetectionThreshold..........0
22:46:17.251 [main] DEBUG com.zaxxer.hikari.HikariConfig:1052- maxLifetime.....................1800000
22:46:17.252 [main] DEBUG com.zaxxer.hikari.HikariConfig:1052- maximumPoolSize.................10
22:46:17.252 [main] DEBUG com.zaxxer.hikari.HikariConfig:1052- metricRegistry..................none
22:46:17.252 [main] DEBUG com.zaxxer.hikari.HikariConfig:1052- metricsTrackerFactory...........none
22:46:17.252 [main] DEBUG com.zaxxer.hikari.HikariConfig:1052- minimumIdle.....................10
22:46:17.253 [main] DEBUG com.zaxxer.hikari.HikariConfig:1052- password........................<masked>
22:46:17.253 [main] DEBUG com.zaxxer.hikari.HikariConfig:1052- poolName........................"HikariPool-1"
22:46:17.253 [main] DEBUG com.zaxxer.hikari.HikariConfig:1052- readOnly........................false
22:46:17.253 [main] DEBUG com.zaxxer.hikari.HikariConfig:1052- registerMbeans..................false
22:46:17.254 [main] DEBUG com.zaxxer.hikari.HikariConfig:1052- scheduledExecutor...............none
22:46:17.254 [main] DEBUG com.zaxxer.hikari.HikariConfig:1052- schema..........................none
22:46:17.254 [main] DEBUG com.zaxxer.hikari.HikariConfig:1052- threadFactory...................internal
22:46:17.254 [main] DEBUG com.zaxxer.hikari.HikariConfig:1052- transactionIsolation............default
22:46:17.254 [main] DEBUG com.zaxxer.hikari.HikariConfig:1052- username........................"root"
22:46:17.255 [main] DEBUG com.zaxxer.hikari.HikariConfig:1052- validationTimeout...............5000
22:46:17.255 [main] INFO  com.zaxxer.hikari.HikariDataSource:110- HikariPool-1 - Starting...
22:46:17.537 [main] DEBUG com.zaxxer.hikari.pool.HikariPool:566- HikariPool-1 - Added connection com.mysql.cj.jdbc.ConnectionImpl@b8812fb
22:46:17.539 [main] INFO  com.zaxxer.hikari.HikariDataSource:123- HikariPool-1 - Start completed.
22:46:17.562 [main] DEBUG c.m.a.m.U.selectUserById:143- ==>  Preparing: select user_id from analysisauth.t_users_information 
22:46:17.594 [main] DEBUG c.m.a.m.U.selectUserById:143- ==> Parameters: 
22:46:17.623 [main] DEBUG c.m.a.m.U.selectUserById:143- <==      Total: 0
22:46:17.640 [HikariPool-1 housekeeper] DEBUG com.zaxxer.hikari.pool.HikariPool:417- HikariPool-1 - Pool stats (total=1, active=0, idle=1, waiting=0)
22:46:17.655 [HikariPool-1 connection adder] DEBUG com.zaxxer.hikari.pool.HikariPool:730- HikariPool-1 - Added connection com.mysql.cj.jdbc.ConnectionImpl@5091f125
22:46:17.673 [HikariPool-1 connection adder] DEBUG com.zaxxer.hikari.pool.HikariPool:730- HikariPool-1 - Added connection com.mysql.cj.jdbc.ConnectionImpl@11acfb1e
22:46:17.677 [SpringContextShutdownHook] INFO  com.zaxxer.hikari.HikariDataSource:350- HikariPool-1 - Shutdown initiated...
22:46:17.677 [SpringContextShutdownHook] DEBUG com.zaxxer.hikari.pool.HikariPool:417- HikariPool-1 - Before shutdown stats (total=3, active=0, idle=3, waiting=0)
22:46:17.678 [HikariPool-1 connection closer] DEBUG com.zaxxer.hikari.pool.PoolBase:129- HikariPool-1 - Closing connection com.mysql.cj.jdbc.ConnectionImpl@b8812fb: (connection evicted)
22:46:17.682 [HikariPool-1 connection adder] DEBUG com.zaxxer.hikari.pool.HikariPool:730- HikariPool-1 - Added connection com.mysql.cj.jdbc.ConnectionImpl@20f72942
22:46:17.692 [HikariPool-1 connection closer] DEBUG com.zaxxer.hikari.pool.PoolBase:129- HikariPool-1 - Closing connection com.mysql.cj.jdbc.ConnectionImpl@5091f125: (connection evicted)
22:46:17.692 [HikariPool-1 connection closer] DEBUG com.zaxxer.hikari.pool.PoolBase:129- HikariPool-1 - Closing connection com.mysql.cj.jdbc.ConnectionImpl@11acfb1e: (connection evicted)
22:46:17.693 [HikariPool-1 connection closer] DEBUG com.zaxxer.hikari.pool.PoolBase:129- HikariPool-1 - Closing connection com.mysql.cj.jdbc.ConnectionImpl@20f72942: (connection evicted)
22:46:17.694 [SpringContextShutdownHook] DEBUG com.zaxxer.hikari.pool.HikariPool:417- HikariPool-1 - After shutdown stats (total=0, active=0, idle=0, waiting=0)
22:46:17.695 [SpringContextShutdownHook] INFO  com.zaxxer.hikari.HikariDataSource:352- HikariPool-1 - Shutdown completed.
22:51:22.768 [main] INFO  c.m.a.mapper.UserLoginMapperTest:655- The following profiles are active: dev
22:51:31.198 [main] WARN  c.n.c.sources.URLConfigurationSource:121- No URLs will be polled as dynamic configuration sources.
22:51:31.200 [main] INFO  c.n.c.sources.URLConfigurationSource:122- To enable URLs as dynamic configuration sources, define System property archaius.configurationSource.additionalUrls or make config.properties available on classpath.
22:51:31.206 [main] WARN  c.n.c.sources.URLConfigurationSource:121- No URLs will be polled as dynamic configuration sources.
22:51:31.206 [main] INFO  c.n.c.sources.URLConfigurationSource:122- To enable URLs as dynamic configuration sources, define System property archaius.configurationSource.additionalUrls or make config.properties available on classpath.
22:51:42.230 [main] DEBUG com.zaxxer.hikari.HikariConfig:900- Driver class com.mysql.cj.jdbc.Driver found in Thread context class loader sun.misc.Launcher$AppClassLoader@18b4aac2
22:51:42.307 [main] INFO  c.m.a.mapper.UserLoginMapperTest:61- Started UserLoginMapperTest in 33.199 seconds (JVM running for 35.668)
22:51:42.869 [main] DEBUG com.zaxxer.hikari.HikariConfig:1020- HikariPool-1 - configuration:
22:51:42.872 [main] DEBUG com.zaxxer.hikari.HikariConfig:1052- allowPoolSuspension.............false
22:51:42.873 [main] DEBUG com.zaxxer.hikari.HikariConfig:1052- autoCommit......................true
22:51:42.873 [main] DEBUG com.zaxxer.hikari.HikariConfig:1052- catalog.........................none
22:51:42.873 [main] DEBUG com.zaxxer.hikari.HikariConfig:1052- connectionInitSql...............none
22:51:42.874 [main] DEBUG com.zaxxer.hikari.HikariConfig:1052- connectionTestQuery.............none
22:51:42.874 [main] DEBUG com.zaxxer.hikari.HikariConfig:1052- connectionTimeout...............30000
22:51:42.874 [main] DEBUG com.zaxxer.hikari.HikariConfig:1052- dataSource......................none
22:51:42.875 [main] DEBUG com.zaxxer.hikari.HikariConfig:1052- dataSourceClassName.............none
22:51:42.875 [main] DEBUG com.zaxxer.hikari.HikariConfig:1052- dataSourceJNDI..................none
22:51:42.876 [main] DEBUG com.zaxxer.hikari.HikariConfig:1052- dataSourceProperties............{password=<masked>}
22:51:42.877 [main] DEBUG com.zaxxer.hikari.HikariConfig:1052- driverClassName................."com.mysql.cj.jdbc.Driver"
22:51:42.877 [main] DEBUG com.zaxxer.hikari.HikariConfig:1052- healthCheckProperties...........{}
22:51:42.877 [main] DEBUG com.zaxxer.hikari.HikariConfig:1052- healthCheckRegistry.............none
22:51:42.877 [main] DEBUG com.zaxxer.hikari.HikariConfig:1052- idleTimeout.....................600000
22:51:42.878 [main] DEBUG com.zaxxer.hikari.HikariConfig:1052- initializationFailTimeout.......1
22:51:42.878 [main] DEBUG com.zaxxer.hikari.HikariConfig:1052- isolateInternalQueries..........false
22:51:42.878 [main] DEBUG com.zaxxer.hikari.HikariConfig:1052- jdbcUrl.........................jdbc:mysql://localhost:3306/analysisauth?serverTimezone=UTC&useUnicode=true&characterEncoding=utf-8&useSSL=true
22:51:42.879 [main] DEBUG com.zaxxer.hikari.HikariConfig:1052- leakDetectionThreshold..........0
22:51:42.879 [main] DEBUG com.zaxxer.hikari.HikariConfig:1052- maxLifetime.....................1800000
22:51:42.879 [main] DEBUG com.zaxxer.hikari.HikariConfig:1052- maximumPoolSize.................10
22:51:42.879 [main] DEBUG com.zaxxer.hikari.HikariConfig:1052- metricRegistry..................none
22:51:42.879 [main] DEBUG com.zaxxer.hikari.HikariConfig:1052- metricsTrackerFactory...........none
22:51:42.879 [main] DEBUG com.zaxxer.hikari.HikariConfig:1052- minimumIdle.....................10
22:51:42.880 [main] DEBUG com.zaxxer.hikari.HikariConfig:1052- password........................<masked>
22:51:42.880 [main] DEBUG com.zaxxer.hikari.HikariConfig:1052- poolName........................"HikariPool-1"
22:51:42.880 [main] DEBUG com.zaxxer.hikari.HikariConfig:1052- readOnly........................false
22:51:42.880 [main] DEBUG com.zaxxer.hikari.HikariConfig:1052- registerMbeans..................false
22:51:42.880 [main] DEBUG com.zaxxer.hikari.HikariConfig:1052- scheduledExecutor...............none
22:51:42.880 [main] DEBUG com.zaxxer.hikari.HikariConfig:1052- schema..........................none
22:51:42.881 [main] DEBUG com.zaxxer.hikari.HikariConfig:1052- threadFactory...................internal
22:51:42.881 [main] DEBUG com.zaxxer.hikari.HikariConfig:1052- transactionIsolation............default
22:51:42.881 [main] DEBUG com.zaxxer.hikari.HikariConfig:1052- username........................"root"
22:51:42.881 [main] DEBUG com.zaxxer.hikari.HikariConfig:1052- validationTimeout...............5000
22:51:42.881 [main] INFO  com.zaxxer.hikari.HikariDataSource:110- HikariPool-1 - Starting...
22:51:43.205 [main] DEBUG com.zaxxer.hikari.pool.HikariPool:566- HikariPool-1 - Added connection com.mysql.cj.jdbc.ConnectionImpl@2aaa5122
22:51:43.207 [main] INFO  com.zaxxer.hikari.HikariDataSource:123- HikariPool-1 - Start completed.
22:51:43.241 [main] DEBUG c.m.a.m.U.selectUserById:143- ==>  Preparing: select user_id from analysisauth.t_users_information 
22:51:43.279 [main] DEBUG c.m.a.m.U.selectUserById:143- ==> Parameters: 
22:51:43.309 [HikariPool-1 housekeeper] DEBUG com.zaxxer.hikari.pool.HikariPool:417- HikariPool-1 - Pool stats (total=1, active=1, idle=0, waiting=0)
22:51:43.351 [HikariPool-1 connection adder] DEBUG com.zaxxer.hikari.pool.HikariPool:730- HikariPool-1 - Added connection com.mysql.cj.jdbc.ConnectionImpl@29962850
22:51:43.386 [HikariPool-1 connection adder] DEBUG com.zaxxer.hikari.pool.HikariPool:730- HikariPool-1 - Added connection com.mysql.cj.jdbc.ConnectionImpl@68ab226b
22:51:43.396 [main] DEBUG c.m.a.m.U.selectUserById:143- <==      Total: 0
22:51:43.403 [HikariPool-1 connection adder] DEBUG com.zaxxer.hikari.pool.HikariPool:730- HikariPool-1 - Added connection com.mysql.cj.jdbc.ConnectionImpl@59090ef6
22:51:43.422 [HikariPool-1 connection adder] DEBUG com.zaxxer.hikari.pool.HikariPool:730- HikariPool-1 - Added connection com.mysql.cj.jdbc.ConnectionImpl@884dd24
22:51:43.437 [HikariPool-1 connection adder] DEBUG com.zaxxer.hikari.pool.HikariPool:730- HikariPool-1 - Added connection com.mysql.cj.jdbc.ConnectionImpl@7395cedf
22:51:43.450 [HikariPool-1 connection adder] DEBUG com.zaxxer.hikari.pool.HikariPool:730- HikariPool-1 - Added connection com.mysql.cj.jdbc.ConnectionImpl@ccaa109
22:51:43.468 [HikariPool-1 connection adder] DEBUG com.zaxxer.hikari.pool.HikariPool:730- HikariPool-1 - Added connection com.mysql.cj.jdbc.ConnectionImpl@8e458f8
22:51:43.482 [HikariPool-1 connection adder] DEBUG com.zaxxer.hikari.pool.HikariPool:730- HikariPool-1 - Added connection com.mysql.cj.jdbc.ConnectionImpl@4f05c2ef
22:51:43.510 [SpringContextShutdownHook] INFO  com.zaxxer.hikari.HikariDataSource:350- HikariPool-1 - Shutdown initiated...
22:51:43.513 [SpringContextShutdownHook] DEBUG com.zaxxer.hikari.pool.HikariPool:417- HikariPool-1 - Before shutdown stats (total=9, active=0, idle=9, waiting=0)
22:51:43.520 [HikariPool-1 connection adder] DEBUG com.zaxxer.hikari.pool.HikariPool:730- HikariPool-1 - Added connection com.mysql.cj.jdbc.ConnectionImpl@507260c5
22:51:43.521 [HikariPool-1 connection adder] DEBUG com.zaxxer.hikari.pool.HikariPool:417- HikariPool-1 - After adding stats (total=1, active=0, idle=1, waiting=0)
22:51:43.525 [HikariPool-1 connection closer] DEBUG com.zaxxer.hikari.pool.PoolBase:129- HikariPool-1 - Closing connection com.mysql.cj.jdbc.ConnectionImpl@2aaa5122: (connection evicted)
22:51:43.561 [HikariPool-1 connection closer] DEBUG com.zaxxer.hikari.pool.PoolBase:129- HikariPool-1 - Closing connection com.mysql.cj.jdbc.ConnectionImpl@29962850: (connection evicted)
22:51:43.570 [HikariPool-1 connection closer] DEBUG com.zaxxer.hikari.pool.PoolBase:129- HikariPool-1 - Closing connection com.mysql.cj.jdbc.ConnectionImpl@68ab226b: (connection evicted)
22:51:43.575 [HikariPool-1 connection closer] DEBUG com.zaxxer.hikari.pool.PoolBase:129- HikariPool-1 - Closing connection com.mysql.cj.jdbc.ConnectionImpl@59090ef6: (connection evicted)
22:51:43.583 [HikariPool-1 connection closer] DEBUG com.zaxxer.hikari.pool.PoolBase:129- HikariPool-1 - Closing connection com.mysql.cj.jdbc.ConnectionImpl@884dd24: (connection evicted)
22:51:43.587 [HikariPool-1 connection closer] DEBUG com.zaxxer.hikari.pool.PoolBase:129- HikariPool-1 - Closing connection com.mysql.cj.jdbc.ConnectionImpl@7395cedf: (connection evicted)
22:51:43.590 [HikariPool-1 connection closer] DEBUG com.zaxxer.hikari.pool.PoolBase:129- HikariPool-1 - Closing connection com.mysql.cj.jdbc.ConnectionImpl@ccaa109: (connection evicted)
22:51:43.592 [HikariPool-1 connection closer] DEBUG com.zaxxer.hikari.pool.PoolBase:129- HikariPool-1 - Closing connection com.mysql.cj.jdbc.ConnectionImpl@8e458f8: (connection evicted)
22:51:43.594 [HikariPool-1 connection closer] DEBUG com.zaxxer.hikari.pool.PoolBase:129- HikariPool-1 - Closing connection com.mysql.cj.jdbc.ConnectionImpl@4f05c2ef: (connection evicted)
22:51:43.596 [HikariPool-1 connection closer] DEBUG com.zaxxer.hikari.pool.PoolBase:129- HikariPool-1 - Closing connection com.mysql.cj.jdbc.ConnectionImpl@507260c5: (connection evicted)
22:51:43.599 [SpringContextShutdownHook] DEBUG com.zaxxer.hikari.pool.HikariPool:417- HikariPool-1 - After shutdown stats (total=0, active=0, idle=0, waiting=0)
22:51:43.600 [SpringContextShutdownHook] INFO  com.zaxxer.hikari.HikariDataSource:352- HikariPool-1 - Shutdown completed.
22:58:41.890 [main] INFO  c.m.a.mapper.UserLoginMapperTest:655- The following profiles are active: dev
22:58:48.703 [main] WARN  c.n.c.sources.URLConfigurationSource:121- No URLs will be polled as dynamic configuration sources.
22:58:48.704 [main] INFO  c.n.c.sources.URLConfigurationSource:122- To enable URLs as dynamic configuration sources, define System property archaius.configurationSource.additionalUrls or make config.properties available on classpath.
22:58:48.712 [main] WARN  c.n.c.sources.URLConfigurationSource:121- No URLs will be polled as dynamic configuration sources.
22:58:48.712 [main] INFO  c.n.c.sources.URLConfigurationSource:122- To enable URLs as dynamic configuration sources, define System property archaius.configurationSource.additionalUrls or make config.properties available on classpath.
22:59:00.426 [main] DEBUG com.zaxxer.hikari.HikariConfig:900- Driver class com.mysql.cj.jdbc.Driver found in Thread context class loader sun.misc.Launcher$AppClassLoader@18b4aac2
22:59:00.650 [main] INFO  c.m.a.mapper.UserLoginMapperTest:61- Started UserLoginMapperTest in 30.89 seconds (JVM running for 33.367)
23:00:49.012 [main] INFO  c.m.a.mapper.UserLoginMapperTest:655- The following profiles are active: dev
23:00:56.332 [main] WARN  c.n.c.sources.URLConfigurationSource:121- No URLs will be polled as dynamic configuration sources.
23:00:56.333 [main] INFO  c.n.c.sources.URLConfigurationSource:122- To enable URLs as dynamic configuration sources, define System property archaius.configurationSource.additionalUrls or make config.properties available on classpath.
23:00:56.344 [main] WARN  c.n.c.sources.URLConfigurationSource:121- No URLs will be polled as dynamic configuration sources.
23:00:56.345 [main] INFO  c.n.c.sources.URLConfigurationSource:122- To enable URLs as dynamic configuration sources, define System property archaius.configurationSource.additionalUrls or make config.properties available on classpath.
23:01:06.814 [main] DEBUG com.zaxxer.hikari.HikariConfig:900- Driver class com.mysql.cj.jdbc.Driver found in Thread context class loader sun.misc.Launcher$AppClassLoader@18b4aac2
23:01:06.879 [main] INFO  c.m.a.mapper.UserLoginMapperTest:61- Started UserLoginMapperTest in 30.689 seconds (JVM running for 33.02)
23:03:10.832 [main] INFO  c.m.a.mapper.UserLoginMapperTest:655- The following profiles are active: dev
23:03:17.239 [main] WARN  c.n.c.sources.URLConfigurationSource:121- No URLs will be polled as dynamic configuration sources.
23:03:17.241 [main] INFO  c.n.c.sources.URLConfigurationSource:122- To enable URLs as dynamic configuration sources, define System property archaius.configurationSource.additionalUrls or make config.properties available on classpath.
23:03:17.253 [main] WARN  c.n.c.sources.URLConfigurationSource:121- No URLs will be polled as dynamic configuration sources.
23:03:17.254 [main] INFO  c.n.c.sources.URLConfigurationSource:122- To enable URLs as dynamic configuration sources, define System property archaius.configurationSource.additionalUrls or make config.properties available on classpath.
23:03:28.786 [main] DEBUG com.zaxxer.hikari.HikariConfig:900- Driver class com.mysql.cj.jdbc.Driver found in Thread context class loader sun.misc.Launcher$AppClassLoader@18b4aac2
23:03:28.855 [main] INFO  c.m.a.mapper.UserLoginMapperTest:61- Started UserLoginMapperTest in 30.283 seconds (JVM running for 32.432)
23:04:37.196 [main] INFO  c.m.a.mapper.UserLoginMapperTest:655- The following profiles are active: dev
23:04:44.481 [main] WARN  c.n.c.sources.URLConfigurationSource:121- No URLs will be polled as dynamic configuration sources.
23:04:44.482 [main] INFO  c.n.c.sources.URLConfigurationSource:122- To enable URLs as dynamic configuration sources, define System property archaius.configurationSource.additionalUrls or make config.properties available on classpath.
23:04:44.494 [main] WARN  c.n.c.sources.URLConfigurationSource:121- No URLs will be polled as dynamic configuration sources.
23:04:44.495 [main] INFO  c.n.c.sources.URLConfigurationSource:122- To enable URLs as dynamic configuration sources, define System property archaius.configurationSource.additionalUrls or make config.properties available on classpath.
23:04:54.763 [main] DEBUG com.zaxxer.hikari.HikariConfig:900- Driver class com.mysql.cj.jdbc.Driver found in Thread context class loader sun.misc.Launcher$AppClassLoader@18b4aac2
23:04:54.821 [main] INFO  c.m.a.mapper.UserLoginMapperTest:61- Started UserLoginMapperTest in 30.286 seconds (JVM running for 32.502)
23:07:44.713 [main] INFO  c.m.a.mapper.UserLoginMapperTest:655- The following profiles are active: dev
23:07:49.267 [main] WARN  c.n.c.sources.URLConfigurationSource:121- No URLs will be polled as dynamic configuration sources.
23:07:49.268 [main] INFO  c.n.c.sources.URLConfigurationSource:122- To enable URLs as dynamic configuration sources, define System property archaius.configurationSource.additionalUrls or make config.properties available on classpath.
23:07:49.274 [main] WARN  c.n.c.sources.URLConfigurationSource:121- No URLs will be polled as dynamic configuration sources.
23:07:49.274 [main] INFO  c.n.c.sources.URLConfigurationSource:122- To enable URLs as dynamic configuration sources, define System property archaius.configurationSource.additionalUrls or make config.properties available on classpath.
23:07:55.779 [main] DEBUG com.zaxxer.hikari.HikariConfig:900- Driver class com.mysql.cj.jdbc.Driver found in Thread context class loader sun.misc.Launcher$AppClassLoader@18b4aac2
23:07:55.938 [main] INFO  c.m.a.mapper.UserLoginMapperTest:61- Started UserLoginMapperTest in 18.369 seconds (JVM running for 20.579)
